<?xml version="1.0" encoding="UTF-8" ?>
<testsuite tests="2" failures="0" name="com.TimothyPolke.LeetCode.TestSolution" time="0.008" errors="0" skipped="0">
  <properties>
    <property name="java.runtime.name" value="OpenJDK Runtime Environment"/>
    <property name="java.vm.version" value="17.0.8+7-adhoc..jdk17u"/>
    <property name="sun.boot.library.path" value="C:\PROGRAMMING\JAVA\jdk-17.0.8+7\bin"/>
    <property name="maven.multiModuleProjectDirectory" value="C:\Users\TimothyPolke\desktop\Leetcode-Solutions-Java\Solution389\Project"/>
    <property name="java.vm.vendor" value="OpenLogic"/>
    <property name="java.vendor.url" value="https://openlogic.com/"/>
    <property name="guice.disable.misplaced.annotation.check" value="true"/>
    <property name="path.separator" value=";"/>
    <property name="java.vm.name" value="OpenJDK 64-Bit Server VM"/>
    <property name="sun.os.patch.level" value=""/>
    <property name="user.script" value=""/>
    <property name="user.country" value="US"/>
    <property name="sun.java.launcher" value="SUN_STANDARD"/>
    <property name="java.vm.specification.name" value="Java Virtual Machine Specification"/>
    <property name="user.dir" value="C:\Users\TimothyPolke\Desktop\Leetcode-Solutions-Java\Solution389\Project"/>
    <property name="java.vm.compressedOopsMode" value="Zero based"/>
    <property name="java.runtime.version" value="17.0.8+7-adhoc..jdk17u"/>
    <property name="os.arch" value="amd64"/>
    <property name="java.io.tmpdir" value="C:\Users\TIMOTH~1\AppData\Local\Temp\"/>
    <property name="line.separator" value="
"/>
    <property name="java.vm.specification.vendor" value="Oracle Corporation"/>
    <property name="user.variant" value=""/>
    <property name="os.name" value="Windows 10"/>
    <property name="classworlds.conf" value="C:\PROGRAMMING\MAVEN\bin\m2.conf"/>
    <property name="sun.jnu.encoding" value="Cp1252"/>
    <property name="java.library.path" value="C:\PROGRAMMING\JAVA\jdk-17.0.8+7\bin;C:\WINDOWS\Sun\Java\bin;C:\WINDOWS\system32;C:\WINDOWS;C:\WINDOWS\system32;C:\WINDOWS;C:\WINDOWS\System32\Wbem;C:\WINDOWS\System32\WindowsPowerShell\v1.0\;C:\WINDOWS\System32\OpenSSH\;C:\Program Files (x86)\NVIDIA Corporation\PhysX\Common;C:\Program Files\NVIDIA Corporation\NVIDIA NvDLISR;C:\PROGRAMMING\JAVA\jdk-17.0.8+7\bin;C:\PROGRAMMING\MAVEN\bin;C:\Users\TimothyPolke\AppData\Local\Microsoft\WindowsApps;;."/>
    <property name="maven.conf" value="C:\PROGRAMMING\MAVEN/conf"/>
    <property name="jdk.debug" value="release"/>
    <property name="java.class.version" value="61.0"/>
    <property name="java.specification.name" value="Java Platform API Specification"/>
    <property name="sun.management.compiler" value="HotSpot 64-Bit Tiered Compilers"/>
    <property name="os.version" value="10.0"/>
    <property name="library.jansi.path" value="C:\PROGRAMMING\MAVEN\lib\jansi-native"/>
    <property name="user.home" value="C:\Users\TimothyPolke"/>
    <property name="user.timezone" value="America/New_York"/>
    <property name="file.encoding" value="Cp1252"/>
    <property name="java.specification.version" value="17"/>
    <property name="user.name" value="TimothyPolke"/>
    <property name="java.class.path" value="C:\PROGRAMMING\MAVEN\boot\plexus-classworlds-2.6.0.jar"/>
    <property name="java.vm.specification.version" value="17"/>
    <property name="sun.arch.data.model" value="64"/>
    <property name="sun.java.command" value="org.codehaus.plexus.classworlds.launcher.Launcher package"/>
    <property name="java.home" value="C:\PROGRAMMING\JAVA\jdk-17.0.8+7"/>
    <property name="user.language" value="en"/>
    <property name="java.specification.vendor" value="Oracle Corporation"/>
    <property name="java.vm.info" value="mixed mode, sharing"/>
    <property name="java.version" value="17.0.8"/>
    <property name="native.encoding" value="Cp1252"/>
    <property name="java.vendor" value="OpenLogic"/>
    <property name="sun.stderr.encoding" value="cp437"/>
    <property name="maven.home" value="C:\PROGRAMMING\MAVEN"/>
    <property name="file.separator" value="\"/>
    <property name="java.version.date" value="2023-07-18"/>
    <property name="java.vendor.url.bug" value="https://techsupport.roguewave.com/"/>
    <property name="sun.io.unicode.encoding" value="UnicodeLittle"/>
    <property name="sun.cpu.endian" value="little"/>
    <property name="java.vendor.version" value="OpenLogic-OpenJDK"/>
    <property name="sun.stdout.encoding" value="cp437"/>
    <property name="sun.cpu.isalist" value="amd64"/>
  </properties>
  <testcase classname="com.TimothyPolke.LeetCode.TestSolution" name="test_example1" time="0.008"/>
  <testcase classname="com.TimothyPolke.LeetCode.TestSolution" name="test_example2" time="0"/>
</testsuite>